
     active environment : /lustre/lrspec/users/2649/anaconda3/envs/fox
    active env location : /lustre/lrspec/users/2649/anaconda3/envs/fox
            shell level : 1
       user config file : /home/2649/.condarc
 populated config files : /home/2649/.condarc
          conda version : 4.5.11
    conda-build version : 3.15.1
         python version : 3.7.0.final.0
       base environment : /opt/shared/anaconda/5.3.1-python3  (read only)
           channel URLs : https://repo.anaconda.com/pkgs/main/linux-64
                          https://repo.anaconda.com/pkgs/main/noarch
                          https://repo.anaconda.com/pkgs/free/linux-64
                          https://repo.anaconda.com/pkgs/free/noarch
                          https://repo.anaconda.com/pkgs/r/linux-64
                          https://repo.anaconda.com/pkgs/r/noarch
                          https://repo.anaconda.com/pkgs/pro/linux-64
                          https://repo.anaconda.com/pkgs/pro/noarch
                          https://conda.anaconda.org/conda-forge/linux-64
                          https://conda.anaconda.org/conda-forge/noarch
          package cache : /opt/shared/anaconda/5.3.1-python3/pkgs
                          /home/2649/.conda/pkgs
       envs directories : /home/2649/.conda/envs
                          /opt/shared/anaconda/5.3.1-python3/envs
               platform : linux-64
             user-agent : conda/4.5.11 requests/2.19.1 CPython/3.7.0 Linux/3.10.0-1127.19.1.el7.x86_64 centos/7 glibc/2.17
                UID:GID : 2649:1209
             netrc file : None
           offline mode : False

WARNING:tensorflow:From /lustre/lrspec/users/2649/anaconda3/envs/fox/lib/python3.9/site-packages/tensorflow/python/compat/v2_compat.py:107: disable_resource_variables (from tensorflow.python.ops.variable_scope) is deprecated and will be removed in a future version.
Instructions for updating:
non-resource variables are not supported in the long term
Archive:  /lustre/lrspec/users/2649/models/FortinoRRE/738/training_set.zip
 extracting: /lustre/lrspec/users/2649/models/FortinoRRE/738/training_set/trainImages.npy.gz  
 extracting: /lustre/lrspec/users/2649/models/FortinoRRE/738/training_set/trainLabels.npy.gz  
 extracting: /lustre/lrspec/users/2649/models/FortinoRRE/738/training_set/testImages.npy.gz  
 extracting: /lustre/lrspec/users/2649/models/FortinoRRE/738/training_set/testLabels.npy.gz  
 extracting: /lustre/lrspec/users/2649/models/FortinoRRE/738/training_set/testTypeNames.npy.gz  
 extracting: /lustre/lrspec/users/2649/models/FortinoRRE/738/training_set/typeNamesList.npy.gz  
 extracting: /lustre/lrspec/users/2649/models/FortinoRRE/738/training_set/trainFilenames.npy.gz  
 extracting: /lustre/lrspec/users/2649/models/FortinoRRE/738/training_set/trainTypeNames.npy.gz  
WARNING:tensorflow:From /lustre/lrspec/users/2649/anaconda3/envs/fox/lib/python3.9/site-packages/tensorflow/python/util/dispatch.py:1082: calling dropout (from tensorflow.python.ops.nn_ops) with keep_prob is deprecated and will be removed in a future version.
Instructions for updating:
Please use `rate` instead of `keep_prob`. Rate should be set to `rate = 1 - keep_prob`.
2022-11-05 20:03:16.469611: W tensorflow/stream_executor/platform/default/dso_loader.cc:64] Could not load dynamic library 'libcuda.so.1'; dlerror: libcuda.so.1: cannot open shared object file: No such file or directory; LD_LIBRARY_PATH: /opt/shared/slurm/lib:/lustre/lrspec/users/2649/anaconda3/envs/fox/lib/:/lustre/lrspec/users/2649/anaconda3/envs/fox/lib/
2022-11-05 20:03:16.470442: W tensorflow/stream_executor/cuda/cuda_driver.cc:269] failed call to cuInit: UNKNOWN ERROR (303)
2022-11-05 20:03:16.470485: I tensorflow/stream_executor/cuda/cuda_diagnostics.cc:156] kernel driver does not appear to be running on this host (r1n17): /proc/driver/nvidia/version does not exist
2022-11-05 20:03:16.472664: I tensorflow/core/platform/cpu_feature_guard.cc:193] This TensorFlow binary is optimized with oneAPI Deep Neural Network Library (oneDNN) to use the following CPU instructions in performance-critical operations:  AVX2 FMA
To enable them in other operations, rebuild TensorFlow with the appropriate compiler flags.
2022-11-05 20:03:16.633285: I tensorflow/compiler/mlir/mlir_graph_optimization_pass.cc:354] MLIR V1 optimization pass is not enabled
Warning: You will need to install 'PyQt5' if you want to use the graphical interface. Using the automatic library will continue to work.
Warning: You will need to install 'PyQt5' if you want to use the graphical interface. Using the automatic library will continue to work.
Generating oversampled arrays...
Before OverSample
[    0.   160.  2080.  8080. 11200. 16400. 15120. 13040.  8720.  8160.
  6080.  5200.  4800.  4480.  2240.  2800.  1760.  1040.     0.     0.
   880.  2240.  2240.  1840.  1280.  1280.   800.  1200.  1600.  1040.
   640.   560.   640.   240.   480.   640.     0.     0.     0.   800.
  1680.  1280.  1840.  1040.  1440.  1040.   880.   480.   480.   400.
     0.   160.   240.    80.     0.     0.     0.     0.     0.     0.
    80.    80.     0.     0.     0.     0.     0.    80.     0.     0.
    80.     0.     0.     0.     0.   640.   880.   240.    80.     0.
   240.   320.   240.   480.   160.     0.    80.   160.    80.     0.
     0.     0.   400.   160.    80.    80.   400.   480.   160.   160.
    80.     0.     0.    80.     0.    80.     0.     0.    80.   240.
   560.  1200.  1200.  1520.   720.   880.  1280.   560.   800.   320.
   400.   400.   400.   400.   160.   240.     0.     0.     0.     0.
     0.     0.   160.   240.     0.     0.    80.    80.    80.    80.
     0.     0.     0.     0.   320.  1120.  1200.  1920.  1520.   960.
  1680.  1120.  1200.   880.   720.   640.   560.   480.   640.   480.
   160.   240.     0.     0.     0.     0.     0.     0.     0.     0.
     0.   400.     0.     0.     0.     0.     0.     0.     0.     0.
     0.   320.   240.   800.  1680.   960.  1200.   720.   640.  1120.
   480.  1040.   560.  1280.   560.   560.   480.   320.     0.     0.
   400.  1120.  1680.  2080.  1520.  1440.   640.   800.   960.   720.
   640.   400.   240.   160.   160.   640.     0.     0.     0.     0.
   240.   480.   320.     0.    80.     0.   320.   240.     0.   160.
     0.     0.     0.   160.     0.     0.     0.    80.   160.     0.
     0.     0.    80.     0.    80.   160.    80.     0.     0.     0.
    80.     0.     0.     0.     0.     0.     0.     0.     0.    80.
   160.     0.     0.     0.     0.     0.     0.     0.    80.     0.
     0.     0.     0.     0.     0.     0.     0.    80.     0.     0.
     0.     0.     0.    80.     0.     0.    80.     0.     0.     0.
     0.     0.     0.     0.     0.     0.     0.     0.     0.     0.
     0.     0.     0.     0.     0.     0.]
[    0. 16320. 16640. 16160. 11200. 16400. 15120. 13040. 17440. 16320.
 18240. 15600. 14400. 17920. 15680. 16800. 15840. 16640.     0.     0.
 16720. 15680. 15680. 16560. 16640. 16640. 16000. 16800. 16000. 16640.
 16640. 16240. 16640. 16320. 16320. 16640.     0.     0.     0. 16000.
 16800. 16640. 16560. 16640. 15840. 16640. 16720. 16320. 16320. 16400.
     0. 16320. 16320. 16400.     0.     0.     0.     0.     0.     0.
 16400. 16400.     0.     0.     0.     0.     0. 16400.     0.     0.
 16400.     0.     0.     0.     0. 16640. 16720. 16320. 16400.     0.
 16320. 16320. 16320. 16320. 16320.     0. 16400. 16320. 16400.     0.
     0.     0. 16400. 16320. 16400. 16400. 16400. 16320. 16320. 16320.
 16400.     0.     0. 16400.     0. 16400.     0.     0. 16400. 16320.
 16240. 16800. 16800. 16720. 16560. 16720. 16640. 16240. 16000. 16320.
 16400. 16400. 16400. 16400. 16320. 16320.     0.     0.     0.     0.
     0.     0. 16320. 16320.     0.     0. 16400. 16400. 16400. 16400.
     0.     0.     0.     0. 16320. 16800. 16800. 17280. 16720. 16320.
 16800. 16800. 16800. 16720. 16560. 16640. 16240. 16320. 16640. 16320.
 16320. 16320.     0.     0.     0.     0.     0.     0.     0.     0.
     0. 16400.     0.     0.     0.     0.     0.     0.     0.     0.
     0. 16320. 16320. 16000. 16800. 16320. 16800. 16560. 16640. 16800.
 16320. 16640. 16240. 16640. 16240. 16240. 16320. 16320.     0.     0.
 16400. 16800. 16800. 16640. 16720. 15840. 16640. 16000. 16320. 16560.
 16640. 16400. 16320. 16320. 16320. 16640.     0.     0.     0.     0.
 16320. 16320. 16320.     0. 16400.     0. 16320. 16320.     0. 16320.
     0.     0.     0. 16320.     0.     0.     0. 16400. 16320.     0.
     0.     0. 16400.     0. 16400. 16320. 16400.     0.     0.     0.
 16400.     0.     0.     0.     0.     0.     0.     0.     0. 16400.
 16320.     0.     0.     0.     0.     0.     0.     0. 16400.     0.
     0.     0.     0.     0.     0.     0.     0. 16400.     0.     0.
     0.     0.     0. 16400.     0.     0. 16400.     0.     0.     0.
     0.     0.     0.     0.     0.     0.     0.     0.     0.     0.
     0.     0.     0.     0.     0.     0.]
[  0 102   8   2   1   1   1   1   2   2   3   3   3   4   7   6   9  16
   0   0  19   7   7   9  13  13  20  14  10  16  26  29  26  68  34  26
   0   0   0  20  10  13   9  16  11  16  19  34  34  41   0 102  68 205
   0   0   0   0   0   0 205 205   0   0   0   0   0 205   0   0 205   0
   0   0   0  26  19  68 205   0  68  51  68  34 102   0 205 102 205   0
   0   0  41 102 205 205  41  34 102 102 205   0   0 205   0 205   0   0
 205  68  29  14  14  11  23  19  13  29  20  51  41  41  41  41 102  68
   0   0   0   0   0   0 102  68   0   0 205 205 205 205   0   0   0   0
  51  15  14   9  11  17  10  15  14  19  23  26  29  34  26  34 102  68
   0   0   0   0   0   0   0   0   0  41   0   0   0   0   0   0   0   0
   0  51  68  20  10  17  14  23  26  15  34  16  29  13  29  29  34  51
   0   0  41  15  10   8  11  11  26  20  17  23  26  41  68 102 102  26
   0   0   0   0  68  34  51   0 205   0  51  68   0 102   0   0   0 102
   0   0   0 205 102   0   0   0 205   0 205 102 205   0   0   0 205   0
   0   0   0   0   0   0   0 205 102   0   0   0   0   0   0   0 205   0
   0   0   0   0   0   0   0 205   0   0   0   0   0 205   0   0 205   0
   0   0   0   0   0   0   0   0   0   0   0   0   0   0   0   0   0   0]
2800160 205040
Shuffling...
images shuffling...
205040
labels shuffling...
205040
205040
Before Shuffling
Shuffling...
images shuffling...
2800160
labels shuffling...
2800160
After Shuffling
Saving oversampled arrays...
Saving complete.
No improvement in Subtype macroF1 score in 1000 epochs.
Ending training.
Model saved to: /lustre/lrspec/users/2649/models/FortinoRRE/738/tensorflow_model.ckpt
